<?xml version="1.0" encoding="UTF-8"?>
<testsuite name="com.company.projectsystem.project.EmployeeUiTest" tests="1" skipped="0" failures="0" errors="0" timestamp="2024-08-07T11:10:10" hostname="DOGAC-Air.hgw.local" time="2.074">
  <properties/>
  <testcase name="test_createEmployee()" classname="com.company.projectsystem.project.EmployeeUiTest" time="2.074"/>
  <system-out><![CDATA[
  .   ____          _            __ _ _
 /\\ / ___'_ __ _ _(_)_ __  __ _ \ \ \ \
( ( )\___ | '_ | '_| | '_ \/ _` | \ \ \ \
 \\/  ___)| |_)| | | | | || (_| |  ) ) ) )
  '  |____| .__|_| |_|_| |_\__, | / / / /
 =========|_|==============|___/=/_/_/_/
 :: Spring Boot ::                (v3.2.4)

2024-08-07T14:10:07.019+03:00  INFO 4896 --- [    Test worker] c.c.p.project.EmployeeUiTest             : Starting EmployeeUiTest using Java 21.0.2 with PID 4896 (started by dogacgulacan in /Users/dogacgulacan/Desktop/ProjectSystem_V1)
2024-08-07T14:10:07.020+03:00  INFO 4896 --- [    Test worker] c.c.p.project.EmployeeUiTest             : No active profile set, falling back to 1 default profile: "default"
2024-08-07T14:10:07.603+03:00  INFO 4896 --- [    Test worker] .s.d.r.c.RepositoryConfigurationDelegate : Bootstrapping Spring Data Jmix repositories in DEFAULT mode.
2024-08-07T14:10:07.628+03:00  INFO 4896 --- [    Test worker] .s.d.r.c.RepositoryConfigurationDelegate : Finished Spring Data repository scanning in 22 ms. Found 1 Jmix repository interface.
2024-08-07T14:10:07.922+03:00  INFO 4896 --- [    Test worker] io.jmix.core.JmixModulesProcessor        : Using Jmix modules: [io.jmix.core, io.jmix.security, io.jmix.flowui, io.jmix.securityflowui, io.jmix.data, io.jmix.datatools, io.jmix.gridexportflowui, io.jmix.datatoolsflowui, io.jmix.eclipselink, io.jmix.flowuidata, io.jmix.localfs, io.jmix.securitydata, com.company.projectsystem]
2024-08-07T14:10:08.361+03:00  INFO 4896 --- [    Test worker] com.zaxxer.hikari.HikariDataSource       : HikariPool-1 - Starting...
2024-08-07T14:10:08.473+03:00  INFO 4896 --- [    Test worker] com.zaxxer.hikari.pool.HikariPool        : HikariPool-1 - Added connection org.postgresql.jdbc.PgConnection@77737e3e
2024-08-07T14:10:08.473+03:00  INFO 4896 --- [    Test worker] com.zaxxer.hikari.HikariDataSource       : HikariPool-1 - Start completed.
2024-08-07T14:10:08.607+03:00  INFO 4896 --- [    Test worker] liquibase.database                       : Set default schema name to public
2024-08-07T14:10:08.874+03:00  INFO 4896 --- [    Test worker] liquibase.changelog                      : Reading resource: com/company/projectsystem/liquibase/changelog/010-init-user.xml
2024-08-07T14:10:08.882+03:00  INFO 4896 --- [    Test worker] liquibase.changelog                      : Reading resource: com/company/projectsystem/liquibase/changelog/2024/06/06-174349-75b2a982.xml
2024-08-07T14:10:08.937+03:00  INFO 4896 --- [    Test worker] liquibase.changelog                      : Reading from public.databasechangelog
2024-08-07T14:10:08.979+03:00  INFO 4896 --- [    Test worker] liquibase.ui                             : Database is up to date, no changesets to execute
2024-08-07T14:10:08.980+03:00  INFO 4896 --- [    Test worker] liquibase.changelog                      : Reading from public.databasechangelog
2024-08-07T14:10:08.986+03:00  INFO 4896 --- [    Test worker] liquibase.util                           : UPDATE SUMMARY
2024-08-07T14:10:08.987+03:00  INFO 4896 --- [    Test worker] liquibase.util                           : Run:                          0
2024-08-07T14:10:08.987+03:00  INFO 4896 --- [    Test worker] liquibase.util                           : Previously run:              20
2024-08-07T14:10:08.987+03:00  INFO 4896 --- [    Test worker] liquibase.util                           : Filtered out:                 5
2024-08-07T14:10:08.987+03:00  INFO 4896 --- [    Test worker] liquibase.util                           : -------------------------------
2024-08-07T14:10:08.987+03:00  INFO 4896 --- [    Test worker] liquibase.util                           : Total change sets:           25
2024-08-07T14:10:08.987+03:00  INFO 4896 --- [    Test worker] liquibase.util                           : FILTERED CHANGE SETS SUMMARY
2024-08-07T14:10:08.987+03:00  INFO 4896 --- [    Test worker] liquibase.util                           : DBMS mismatch:                5
2024-08-07T14:10:08.988+03:00  INFO 4896 --- [    Test worker] liquibase.util                           : Update summary generated
2024-08-07T14:10:08.998+03:00  INFO 4896 --- [    Test worker] liquibase.lockservice                    : Successfully released change log lock
2024-08-07T14:10:08.999+03:00  INFO 4896 --- [    Test worker] liquibase.command                        : Command execution complete
2024-08-07T14:10:09.068+03:00  INFO 4896 --- [    Test worker] i.j.c.i.s.JmixModulesClasspathScanner    : Classpath scan completed in 37 ms
2024-08-07T14:10:09.173+03:00  INFO 4896 --- [    Test worker] io.jmix.core.impl.MetadataLoader         : Metadata initialized in 35 ms
2024-08-07T14:10:09.248+03:00  INFO 4896 --- [    Test worker] i.j.d.i.JmixBaseEntityManagerFactoryBean : Using persistence.xml at com/company/projectsystem/persistence.xml for 'main' store
2024-08-07T14:10:09.267+03:00  INFO 4896 --- [    Test worker] o.s.o.j.p.PersistenceUnitReader          : persistence.xml should be located inside META-INF directory; cannot determine persistence unit root URL for class path resource [com/company/projectsystem/persistence.xml]
2024-08-07T14:10:09.553+03:00  INFO 4896 --- [    Test worker] i.j.d.impl.JmixEntityManagerFactoryBean  : Initialized JPA EntityManagerFactory for persistence unit 'main'
2024-08-07T14:10:10.648+03:00  INFO 4896 --- [    Test worker] io.jmix.flowui.view.ViewRegistry         : ViewRegistry initialized in 27 ms
2024-08-07T14:10:10.675+03:00  INFO 4896 --- [    Test worker] o.s.s.web.DefaultSecurityFilterChain     : Will secure any request with [org.springframework.security.web.session.DisableEncodeUrlFilter@3a6e8bc0, org.springframework.security.web.context.request.async.WebAsyncManagerIntegrationFilter@5aa943c5, org.springframework.security.web.context.SecurityContextPersistenceFilter@43af513c, org.springframework.security.web.header.HeaderWriterFilter@4cf08d08, org.springframework.security.web.csrf.CsrfFilter@484e9fee, org.springframework.security.web.authentication.logout.LogoutFilter@2920028c, org.springframework.security.web.authentication.UsernamePasswordAuthenticationFilter@43eb44f4, org.springframework.security.web.session.ConcurrentSessionFilter@2492f6fb, org.springframework.security.web.savedrequest.RequestCacheAwareFilter@31167d7, org.springframework.security.web.servletapi.SecurityContextHolderAwareRequestFilter@7d0bca3d, org.springframework.security.web.authentication.rememberme.RememberMeAuthenticationFilter@2a92128, org.springframework.security.web.authentication.AnonymousAuthenticationFilter@a1c87e6, org.springframework.security.web.session.SessionManagementFilter@50ee7857, org.springframework.security.web.access.ExceptionTranslationFilter@47c5b16b, org.springframework.security.web.access.intercept.AuthorizationFilter@162796e1]
2024-08-07T14:10:10.680+03:00  WARN 4896 --- [    Test worker] o.s.s.c.a.web.builders.WebSecurity       : You are asking Spring Security to ignore Or [Ant [pattern='/manifest.webmanifest'], Ant [pattern='/sw.js'], Ant [pattern='/sw-runtime-resources-precache.js'], Ant [pattern='/offline.html'], Ant [pattern='/offline-stub.html'], Ant [pattern='/icons/icon.png'], Ant [pattern='/themes/**'], Ant [pattern='/icons/icon-144x144.png'], Ant [pattern='/icons/icon-192x192.png'], Ant [pattern='/icons/icon-512x512.png'], Ant [pattern='/icons/icon-16x16.png'], Ant [pattern='/icons/icon-32x32.png'], Ant [pattern='/icons/icon-96x96.png'], Ant [pattern='/icons/icon-180x180.png'], Ant [pattern='/icons/icon-2048x2732.png'], Ant [pattern='/icons/icon-2732x2048.png'], Ant [pattern='/icons/icon-1668x2388.png'], Ant [pattern='/icons/icon-2388x1668.png'], Ant [pattern='/icons/icon-1668x2224.png'], Ant [pattern='/icons/icon-2224x1668.png'], Ant [pattern='/icons/icon-1620x2160.png'], Ant [pattern='/icons/icon-2160x1620.png'], Ant [pattern='/icons/icon-1536x2048.png'], Ant [pattern='/icons/icon-2048x1536.png'], Ant [pattern='/icons/icon-1284x2778.png'], Ant [pattern='/icons/icon-2778x1284.png'], Ant [pattern='/icons/icon-1170x2532.png'], Ant [pattern='/icons/icon-2532x1170.png'], Ant [pattern='/icons/icon-1125x2436.png'], Ant [pattern='/icons/icon-2436x1125.png'], Ant [pattern='/icons/icon-1242x2688.png'], Ant [pattern='/icons/icon-2688x1242.png'], Ant [pattern='/icons/icon-828x1792.png'], Ant [pattern='/icons/icon-1792x828.png'], Ant [pattern='/icons/icon-1242x2208.png'], Ant [pattern='/icons/icon-2208x1242.png'], Ant [pattern='/icons/icon-750x1334.png'], Ant [pattern='/icons/icon-1334x750.png'], Ant [pattern='/icons/icon-640x1136.png'], Ant [pattern='/icons/icon-1136x640.png'], Ant [pattern='/favicon.ico']]. This is not recommended -- please use permitAll via HttpSecurity#authorizeHttpRequests instead.
2024-08-07T14:10:10.681+03:00  INFO 4896 --- [    Test worker] o.s.s.web.DefaultSecurityFilterChain     : Will not secure Or [Ant [pattern='/manifest.webmanifest'], Ant [pattern='/sw.js'], Ant [pattern='/sw-runtime-resources-precache.js'], Ant [pattern='/offline.html'], Ant [pattern='/offline-stub.html'], Ant [pattern='/icons/icon.png'], Ant [pattern='/themes/**'], Ant [pattern='/icons/icon-144x144.png'], Ant [pattern='/icons/icon-192x192.png'], Ant [pattern='/icons/icon-512x512.png'], Ant [pattern='/icons/icon-16x16.png'], Ant [pattern='/icons/icon-32x32.png'], Ant [pattern='/icons/icon-96x96.png'], Ant [pattern='/icons/icon-180x180.png'], Ant [pattern='/icons/icon-2048x2732.png'], Ant [pattern='/icons/icon-2732x2048.png'], Ant [pattern='/icons/icon-1668x2388.png'], Ant [pattern='/icons/icon-2388x1668.png'], Ant [pattern='/icons/icon-1668x2224.png'], Ant [pattern='/icons/icon-2224x1668.png'], Ant [pattern='/icons/icon-1620x2160.png'], Ant [pattern='/icons/icon-2160x1620.png'], Ant [pattern='/icons/icon-1536x2048.png'], Ant [pattern='/icons/icon-2048x1536.png'], Ant [pattern='/icons/icon-1284x2778.png'], Ant [pattern='/icons/icon-2778x1284.png'], Ant [pattern='/icons/icon-1170x2532.png'], Ant [pattern='/icons/icon-2532x1170.png'], Ant [pattern='/icons/icon-1125x2436.png'], Ant [pattern='/icons/icon-2436x1125.png'], Ant [pattern='/icons/icon-1242x2688.png'], Ant [pattern='/icons/icon-2688x1242.png'], Ant [pattern='/icons/icon-828x1792.png'], Ant [pattern='/icons/icon-1792x828.png'], Ant [pattern='/icons/icon-1242x2208.png'], Ant [pattern='/icons/icon-2208x1242.png'], Ant [pattern='/icons/icon-750x1334.png'], Ant [pattern='/icons/icon-1334x750.png'], Ant [pattern='/icons/icon-640x1136.png'], Ant [pattern='/icons/icon-1136x640.png'], Ant [pattern='/favicon.ico']]
2024-08-07T14:10:10.833+03:00  INFO 4896 --- [    Test worker] c.c.p.project.EmployeeUiTest             : Started EmployeeUiTest in 3.933 seconds (process running for 4.482)
2024-08-07T14:10:10.834+03:00  INFO 4896 --- [    Test worker] c.c.p.ProjectSystemApplication           : Application started at http://localhost:null
2024-08-07T14:10:11.414+03:00  INFO 4896 --- [    Test worker] c.v.f.s.DefaultDeploymentConfiguration   : Vaadin is running in production mode.
2024-08-07T14:10:11.621+03:00  INFO 4896 --- [    Test worker] io.jmix.flowui.view.ViewRegistry         : ViewRegistry initialized in 36 ms
2024-08-07T14:10:11.954+03:00  WARN 4896 --- [    Test worker] io.jmix.flowui.menu.MenuConfig           : Resource io/jmix/flowui/menu.xml not found, ignore it
2024-08-07T14:10:12.027+03:00  INFO 4896 --- [    Test worker] eclipselink.logging.all                  : EclipseLink, version: Eclipse Persistence Services - 4.0.2-3-jmix.v202404051618
2024-08-07T14:10:12.260+03:00  INFO 4896 --- [    Test worker] i.j.core.impl.FetchPlanRepositoryImpl    : Initializing fetch plans
2024-08-07T14:10:12.312+03:00 ERROR 4896 --- [    Test worker] i.j.f.component.main.JmixUserIndicator   : User repository doesn't contain user with username system
2024-08-07T14:10:12.674+03:00  INFO 4896 --- [    Test worker] c.c.p.listener.EmployeeLogListener       : [EMPLOYEE AUDIT] Veritabanından employee yüklendi: e471b6e8-e3f0-e038-570b-75dfb4642171
2024-08-07T14:10:12.827+03:00  INFO 4896 --- [    Test worker] c.c.p.listener.EmployeeLogListener       : [EMPLOYEE AUDIT] Employee güncellenmek/silinmek üzere: 6157b9e5-2b09-be97-3a9d-b2f72de78e07
2024-08-07T14:10:12.833+03:00  INFO 4896 --- [    Test worker] c.c.p.listener.EmployeeLogListener       : [EMPLOYEE AUDIT] Ekleme/güncelleme/silme işlemi tamamlandı: 6157b9e5-2b09-be97-3a9d-b2f72de78e07
After inserting employee: Ali
Notification: Employee created - Ali
2024-08-07T14:10:12.887+03:00  INFO 4896 --- [    Test worker] c.c.p.listener.EmployeeLogListener       : [EMPLOYEE AUDIT] Veritabanından employee yüklendi: e471b6e8-e3f0-e038-570b-75dfb4642171
2024-08-07T14:10:12.887+03:00  INFO 4896 --- [    Test worker] c.c.p.listener.EmployeeLogListener       : [EMPLOYEE AUDIT] Veritabanından employee yüklendi: 6157b9e5-2b09-be97-3a9d-b2f72de78e07
]]></system-out>
  <system-err><![CDATA[WARNING: A Java agent has been loaded dynamically (/Users/dogacgulacan/.gradle/caches/modules-2/files-2.1/net.bytebuddy/byte-buddy-agent/1.14.12/be4984cb6fd1ef1d11f218a648889dfda44b8a15/byte-buddy-agent-1.14.12.jar)
WARNING: If a serviceability tool is in use, please run with -XX:+EnableDynamicAgentLoading to hide this warning
WARNING: If a serviceability tool is not in use, please run with -Djdk.instrument.traceUsage for more information
WARNING: Dynamic loading of agents will be disallowed by default in a future release
]]></system-err>
</testsuite>
